This is pdfTeXk, Version 3.1415926-1.40.9 (Web2C 7.5.7) (format=pdflatex 2013.11.2)  22 MAY 2014 00:33
entering extended mode
 %&-line parsing enabled.
**\input dokumentacja.tex
(./dokumentacja.tex (/usr/share/texmf-dist/tex/latex/base/article.cls
Document Class: article 2005/09/16 v1.4f Standard LaTeX document class
(/usr/share/texmf-dist/tex/latex/base/size10.clo
File: size10.clo 2005/09/16 v1.4f Standard LaTeX file (size option)
)
\c@part=\count79
\c@section=\count80
\c@subsection=\count81
\c@subsubsection=\count82
\c@paragraph=\count83
\c@subparagraph=\count84
\c@figure=\count85
\c@table=\count86
\abovecaptionskip=\skip41
\belowcaptionskip=\skip42
\bibindent=\dimen102
)
(/usr/share/texmf-dist/tex/latex/polski/polski.sty
Package: polski 2008/02/24 v1.3.3 Polish language package

Document language package `polski' v1.3.3 <2008/02/24>
   Switching to Polish text encoding and Polish maths fonts.
(/usr/share/texmf-dist/tex/latex/base/ot4enc.def
File: ot4enc.def 2005/09/27 v1.99g Standard LaTeX file
)
LaTeX Font Info:    Try loading font information for OT4+cmr on input line 346.


(/usr/share/texmf-dist/tex/latex/polski/ot4cmr.fd
File: ot4cmr.fd 2008/02/24 v1.2.1 Font defs for fonts PL (MW)
)
LaTeX Font Info:    Overwriting math alphabet `\mathbf' in version `normal'
(Font)                  OT1/cmr/bx/n --> OT4/cmr/bx/n on input line 346.
LaTeX Font Info:    Overwriting math alphabet `\mathsf' in version `normal'
(Font)                  OT1/cmss/m/n --> OT4/cmss/m/n on input line 346.
LaTeX Font Info:    Overwriting math alphabet `\mathit' in version `normal'
(Font)                  OT1/cmr/m/it --> OT4/cmr/m/it on input line 346.
LaTeX Font Info:    Overwriting math alphabet `\mathtt' in version `normal'
(Font)                  OT1/cmtt/m/n --> OT4/cmtt/m/n on input line 346.
LaTeX Font Info:    Overwriting math alphabet `\mathsf' in version `bold'
(Font)                  OT1/cmss/bx/n --> OT4/cmss/bx/n on input line 346.
LaTeX Font Info:    Overwriting math alphabet `\mathit' in version `bold'
(Font)                  OT1/cmr/bx/it --> OT4/cmr/bx/it on input line 346.
LaTeX Font Info:    Encoding `OT1' has changed to `OT4' for symbol font
(Font)              `operators' in the math version `normal' on input line 346.

LaTeX Font Info:    Overwriting symbol font `operators' in version `normal'
(Font)                  OT1/cmr/m/n --> OT4/cmr/m/n on input line 346.
LaTeX Font Info:    Overwriting symbol font `letters' in version `normal'
(Font)                  OML/cmm/m/it --> OML/plm/m/it on input line 346.
LaTeX Font Info:    Overwriting symbol font `symbols' in version `normal'
(Font)                  OMS/cmsy/m/n --> OMS/plsy/m/n on input line 346.
LaTeX Font Info:    Overwriting symbol font `largesymbols' in version `normal'
(Font)                  OMX/cmex/m/n --> OMX/plex/m/n on input line 346.
LaTeX Font Info:    Encoding `OT1' has changed to `OT4' for symbol font
(Font)              `operators' in the math version `bold' on input line 346.
LaTeX Font Info:    Overwriting symbol font `operators' in version `bold'
(Font)                  OT1/cmr/bx/n --> OT4/cmr/bx/n on input line 346.
LaTeX Font Info:    Overwriting symbol font `letters' in version `bold'
(Font)                  OML/cmm/b/it --> OML/plm/b/it on input line 346.
LaTeX Font Info:    Overwriting symbol font `symbols' in version `bold'
(Font)                  OMS/cmsy/b/n --> OMS/plsy/b/n on input line 346.
)
(/usr/share/texmf-dist/tex/latex/xcolor/xcolor.sty
Package: xcolor 2007/01/21 v2.11 LaTeX color extensions (UK)

(/usr/share/texmf/tex/latex/config/color.cfg
File: color.cfg 2007/01/18 v1.5 color configuration of teTeX/TeXLive
)
Package xcolor Info: Driver file: pdftex.def on input line 225.

(/usr/share/texmf-dist/tex/latex/pdftex-def/pdftex.def
File: pdftex.def 2008/07/16 v0.04k Graphics/color for pdfTeX
\Gread@gobject=\count87
)
Package xcolor Info: Model `cmy' substituted by `cmy0' on input line 1337.
Package xcolor Info: Model `hsb' substituted by `rgb' on input line 1341.
Package xcolor Info: Model `RGB' extended on input line 1353.
Package xcolor Info: Model `HTML' substituted by `rgb' on input line 1355.
Package xcolor Info: Model `Hsb' substituted by `hsb' on input line 1356.
Package xcolor Info: Model `tHsb' substituted by `hsb' on input line 1357.
Package xcolor Info: Model `HSB' substituted by `hsb' on input line 1358.
Package xcolor Info: Model `Gray' substituted by `gray' on input line 1359.
Package xcolor Info: Model `wave' substituted by `hsb' on input line 1360.
)
(/usr/share/texmf-dist/tex/latex/bbm/bbm.sty
Package: bbm 1999/03/15 V 1.2 provides fonts for set symbols - TH
LaTeX Font Info:    Overwriting math alphabet `\mathbbm' in version `bold'
(Font)                  U/bbm/m/n --> U/bbm/bx/n on input line 33.
LaTeX Font Info:    Overwriting math alphabet `\mathbbmss' in version `bold'
(Font)                  U/bbmss/m/n --> U/bbmss/bx/n on input line 35.
)
(/usr/share/texmf-dist/tex/latex/base/inputenc.sty
Package: inputenc 2006/05/05 v1.1b Input encoding file
\inpenc@prehook=\toks14
\inpenc@posthook=\toks15

(/usr/share/texmf-dist/tex/latex/base/latin2.def
File: latin2.def 2006/05/05 v1.1b Input encoding file
))
\c@defi=\count88
\c@assum=\count89
 (./dokumentacja.aux)
\openout1 = `dokumentacja.aux'.

LaTeX Font Info:    Checking defaults for OML/cmm/m/it on input line 24.
LaTeX Font Info:    ... okay on input line 24.
LaTeX Font Info:    Checking defaults for T1/cmr/m/n on input line 24.
LaTeX Font Info:    ... okay on input line 24.
LaTeX Font Info:    Checking defaults for OT1/cmr/m/n on input line 24.
LaTeX Font Info:    ... okay on input line 24.
LaTeX Font Info:    Checking defaults for OMS/cmsy/m/n on input line 24.
LaTeX Font Info:    ... okay on input line 24.
LaTeX Font Info:    Checking defaults for OMX/cmex/m/n on input line 24.
LaTeX Font Info:    ... okay on input line 24.
LaTeX Font Info:    Checking defaults for U/cmr/m/n on input line 24.
LaTeX Font Info:    ... okay on input line 24.
LaTeX Font Info:    Checking defaults for OT4/cmr/m/n on input line 24.
LaTeX Font Info:    ... okay on input line 24.

(/usr/share/texmf-dist/tex/context/base/supp-pdf.tex
[Loading MPS to PDF converter (version 2006.09.02).]
\scratchcounter=\count90
\scratchdimen=\dimen103
\scratchbox=\box26
\nofMPsegments=\count91
\nofMParguments=\count92
\everyMPshowfont=\toks16
\MPscratchCnt=\count93
\MPscratchDim=\dimen104
\MPnumerator=\count94
\everyMPtoPDFconversion=\toks17
)
LaTeX Font Info:    Try loading font information for OML+plm on input line 25.
 (/usr/share/texmf-dist/tex/latex/polski/omlplm.fd
File: omlplm.fd 2008/02/24 v1.2.1 Font defs for fonts PL (MW)
)
LaTeX Font Info:    Try loading font information for OMS+plsy on input line 25.


(/usr/share/texmf-dist/tex/latex/polski/omsplsy.fd
File: omsplsy.fd 2008/02/24 v1.2.1 Font defs for fonts PL (MW)
)
LaTeX Font Info:    Try loading font information for OMX+plex on input line 25.


(/usr/share/texmf-dist/tex/latex/polski/omxplex.fd
File: omxplex.fd 2008/02/24 v1.2.1 Font defs for fonts PL (MW)
)
LaTeX Font Info:    External font `plex10' loaded for size
(Font)              <12> on input line 25.
LaTeX Font Info:    External font `plex10' loaded for size
(Font)              <8> on input line 25.
LaTeX Font Info:    External font `plex10' loaded for size
(Font)              <6> on input line 25.
 [1

{/usr/share/texmf/fonts/map/pdftex/updmap/pdftex.map}] (./dokumentacja.toc
LaTeX Font Info:    External font `plex10' loaded for size
(Font)              <10> on input line 3.
LaTeX Font Info:    External font `plex10' loaded for size
(Font)              <7> on input line 3.
LaTeX Font Info:    External font `plex10' loaded for size
(Font)              <5> on input line 3.
)
\tf@toc=\write3
\openout3 = `dokumentacja.toc'.

 [2

] (./wprowadzenie.tex)
(./opcje.tex
LaTeX Font Info:    Try loading font information for OMS+cmr on input line 10.
 (/usr/share/texmf-dist/tex/latex/base/omscmr.fd
File: omscmr.fd 1999/05/25 v2.5h Standard LaTeX font definitions
)
LaTeX Font Info:    Font shape `OMS/cmr/m/n' in size <10> not available
(Font)              Font shape `OMS/cmsy/m/n' tried instead on input line 10.
LaTeX Font Info:    Try loading font information for U+bbm on input line 10.

(/usr/share/texmf-dist/tex/latex/bbm/ubbm.fd
File: ubbm.fd 1999/03/15 V 1.2 Font definition for bbm font - TH
)
Overfull \hbox (39.7272pt too wide) in paragraph at lines 15--16
[]\OT4/cmr/m/it/10 Knock-in Knock-out \OT4/cmr/m/n/10 z wy-pªa-t¡ $\OML/plm/m/i
t/10 X \OT4/cmr/m/n/10 = \OML/plm/m/it/10 f\OT4/cmr/m/n/10 (\OML/plm/m/it/10 S[
]\OT4/cmr/m/n/10 ) \OMS/plsy/m/n/10 ^^A []$ 
 []

) (./funkcje.tex) [3

] (./dokumentacja.aux) ) 
Here is how much of TeX's memory you used:
 1517 strings out of 493886
 18674 string characters out of 1155696
 71613 words of memory out of 3000000
 4787 multiletter control sequences out of 10000+50000
 14214 words of font info for 42 fonts, out of 3000000 for 5000
 714 hyphenation exceptions out of 8191
 23i,6n,35p,642b,194s stack positions out of 5000i,500n,10000p,200000b,50000s
{/usr/share/texmf-dist/fonts/enc/dvips/pl/plme.enc}{/us
r/share/texmf-dist/fonts/enc/dvips/pl/plsc.enc}{/usr/share/texmf-dist/fonts/enc
/dvips/pl/plms.enc}{/usr/share/texmf-dist/fonts/enc/dvips/pl/plmi.enc} </var/li
b/texmf/fonts/pk/ljfour/public/bbm/bbm10.600pk>{/usr/share/texmf-dist/fonts/enc
/dvips/pl/plit.enc}{/usr/share/texmf-dist/fonts/enc/dvips/pl/plrm.enc}</usr/sha
re/texmf-dist/fonts/type1/bluesky/cm/cmsy10.pfb></usr/share/texmf-dist/fonts/ty
pe1/public/pl/plbx10.pfb></usr/share/texmf-dist/fonts/type1/public/pl/plbx12.pf
b></usr/share/texmf-dist/fonts/type1/public/pl/plex10.pfb></usr/share/texmf-dis
t/fonts/type1/public/pl/plmi10.pfb></usr/share/texmf-dist/fonts/type1/public/pl
/plmi5.pfb></usr/share/texmf-dist/fonts/type1/public/pl/plmi7.pfb></usr/share/t
exmf-dist/fonts/type1/public/pl/plr10.pfb></usr/share/texmf-dist/fonts/type1/pu
blic/pl/plr12.pfb></usr/share/texmf-dist/fonts/type1/public/pl/plr17.pfb></usr/
share/texmf-dist/fonts/type1/public/pl/plr5.pfb></usr/share/texmf-dist/fonts/ty
pe1/public/pl/plsy10.pfb></usr/share/texmf-dist/fonts/type1/public/pl/plsy5.pfb
></usr/share/texmf-dist/fonts/type1/public/pl/plsy7.pfb></usr/share/texmf-dist/
fonts/type1/public/pl/plti10.pfb>
Output written on dokumentacja.pdf (3 pages, 94375 bytes).
PDF statistics:
 83 PDF objects out of 1000 (max. 8388607)
 0 named destinations out of 1000 (max. 131072)
 1 words of extra memory for PDF output out of 10000 (max. 10000000)

